<?xml version="1.0" encoding="UTF-8"?>
<!-- Generated by org.testng.reporters.JUnitReportReporter -->
<testsuite skipped="0" hostname="TSQA-L007" name="org.jazeera.testcases.JZ_TC_OW" tests="1" failures="0" timestamp="17 Oct 2019 13:26:16 GMT" time="69.275" errors="0">
  <testcase name="oneWayTC" time="69.275" classname="org.jazeera.testcases.JZ_TC_OW"/>
</testsuite> <!-- org.jazeera.testcases.JZ_TC_OW -->
